-------------------------------------------------------------------------------
Test set: com.example.ibmcos.CosIfNoneMatchTest$PutWithEnbangoTests
-------------------------------------------------------------------------------
Tests run: 5, Failures: 0, Errors: 5, Skipped: 0, Time elapsed: 5.037 s <<< FAILURE! -- in com.example.ibmcos.CosIfNoneMatchTest$PutWithEnbangoTests
com.example.ibmcos.CosIfNoneMatchTest$PutWithEnbangoTests.oneConflict_usesEnbango1 -- Time elapsed: 1.026 s <<< ERROR!
com.ibm.cloud.objectstorage.services.s3.model.AmazonS3Exception: The AWS Access Key ID you provided does not exist in our records. (Service: Amazon S3; Status Code: 403; Error Code: InvalidAccessKeyId; Request ID: d531dfa0-5d5e-4d1e-b2f0-b24b96e5ce17; S3 Extended Request ID: null; Proxy: null), S3 Extended Request ID: null
	at com.ibm.cloud.objectstorage.http.AmazonHttpClient$RequestExecutor.handleErrorResponse(AmazonHttpClient.java:1879)
	at com.ibm.cloud.objectstorage.http.AmazonHttpClient$RequestExecutor.handleServiceErrorResponse(AmazonHttpClient.java:1418)
	at com.ibm.cloud.objectstorage.http.AmazonHttpClient$RequestExecutor.executeOneRequest(AmazonHttpClient.java:1387)
	at com.ibm.cloud.objectstorage.http.AmazonHttpClient$RequestExecutor.executeHelper(AmazonHttpClient.java:1157)
	at com.ibm.cloud.objectstorage.http.AmazonHttpClient$RequestExecutor.doExecute(AmazonHttpClient.java:814)
	at com.ibm.cloud.objectstorage.http.AmazonHttpClient$RequestExecutor.executeWithTimer(AmazonHttpClient.java:781)
	at com.ibm.cloud.objectstorage.http.AmazonHttpClient$RequestExecutor.execute(AmazonHttpClient.java:755)
	at com.ibm.cloud.objectstorage.http.AmazonHttpClient$RequestExecutor.access$500(AmazonHttpClient.java:715)
	at com.ibm.cloud.objectstorage.http.AmazonHttpClient$RequestExecutionBuilderImpl.execute(AmazonHttpClient.java:697)
	at com.ibm.cloud.objectstorage.http.AmazonHttpClient.execute(AmazonHttpClient.java:561)
	at com.ibm.cloud.objectstorage.http.AmazonHttpClient.execute(AmazonHttpClient.java:541)
	at com.ibm.cloud.objectstorage.services.s3.AmazonS3Client.invoke(AmazonS3Client.java:5697)
	at com.ibm.cloud.objectstorage.services.s3.AmazonS3Client.invoke(AmazonS3Client.java:5644)
	at com.ibm.cloud.objectstorage.services.s3.AmazonS3Client.getAcl(AmazonS3Client.java:4217)
	at com.ibm.cloud.objectstorage.services.s3.AmazonS3Client.getBucketAcl(AmazonS3Client.java:1249)
	at com.ibm.cloud.objectstorage.services.s3.AmazonS3Client.getBucketAcl(AmazonS3Client.java:1239)
	at com.ibm.cloud.objectstorage.services.s3.AmazonS3Client.doesBucketExistV2(AmazonS3Client.java:1380)
	at com.example.ibmcos.service.CosService.bucketExists(CosService.java:90)
	at com.example.ibmcos.CosIfNoneMatchTest.setUp(CosIfNoneMatchTest.java:39)
	at java.base/java.lang.reflect.Method.invoke(Method.java:565)
	at java.base/java.util.ArrayList.forEach(ArrayList.java:1604)
	at java.base/java.util.ArrayList.forEach(ArrayList.java:1604)
	at java.base/java.util.ArrayList.forEach(ArrayList.java:1604)

com.example.ibmcos.CosIfNoneMatchTest$PutWithEnbangoTests.allExhausted_throwsException -- Time elapsed: 1.027 s <<< ERROR!
com.ibm.cloud.objectstorage.services.s3.model.AmazonS3Exception: The AWS Access Key ID you provided does not exist in our records. (Service: Amazon S3; Status Code: 403; Error Code: InvalidAccessKeyId; Request ID: f1146e2d-4b8d-460e-97a7-dad3482d9115; S3 Extended Request ID: null; Proxy: null), S3 Extended Request ID: null
	at com.ibm.cloud.objectstorage.http.AmazonHttpClient$RequestExecutor.handleErrorResponse(AmazonHttpClient.java:1879)
	at com.ibm.cloud.objectstorage.http.AmazonHttpClient$RequestExecutor.handleServiceErrorResponse(AmazonHttpClient.java:1418)
	at com.ibm.cloud.objectstorage.http.AmazonHttpClient$RequestExecutor.executeOneRequest(AmazonHttpClient.java:1387)
	at com.ibm.cloud.objectstorage.http.AmazonHttpClient$RequestExecutor.executeHelper(AmazonHttpClient.java:1157)
	at com.ibm.cloud.objectstorage.http.AmazonHttpClient$RequestExecutor.doExecute(AmazonHttpClient.java:814)
	at com.ibm.cloud.objectstorage.http.AmazonHttpClient$RequestExecutor.executeWithTimer(AmazonHttpClient.java:781)
	at com.ibm.cloud.objectstorage.http.AmazonHttpClient$RequestExecutor.execute(AmazonHttpClient.java:755)
	at com.ibm.cloud.objectstorage.http.AmazonHttpClient$RequestExecutor.access$500(AmazonHttpClient.java:715)
	at com.ibm.cloud.objectstorage.http.AmazonHttpClient$RequestExecutionBuilderImpl.execute(AmazonHttpClient.java:697)
	at com.ibm.cloud.objectstorage.http.AmazonHttpClient.execute(AmazonHttpClient.java:561)
	at com.ibm.cloud.objectstorage.http.AmazonHttpClient.execute(AmazonHttpClient.java:541)
	at com.ibm.cloud.objectstorage.services.s3.AmazonS3Client.invoke(AmazonS3Client.java:5697)
	at com.ibm.cloud.objectstorage.services.s3.AmazonS3Client.invoke(AmazonS3Client.java:5644)
	at com.ibm.cloud.objectstorage.services.s3.AmazonS3Client.getAcl(AmazonS3Client.java:4217)
	at com.ibm.cloud.objectstorage.services.s3.AmazonS3Client.getBucketAcl(AmazonS3Client.java:1249)
	at com.ibm.cloud.objectstorage.services.s3.AmazonS3Client.getBucketAcl(AmazonS3Client.java:1239)
	at com.ibm.cloud.objectstorage.services.s3.AmazonS3Client.doesBucketExistV2(AmazonS3Client.java:1380)
	at com.example.ibmcos.service.CosService.bucketExists(CosService.java:90)
	at com.example.ibmcos.CosIfNoneMatchTest.setUp(CosIfNoneMatchTest.java:39)
	at java.base/java.lang.reflect.Method.invoke(Method.java:565)
	at java.base/java.util.ArrayList.forEach(ArrayList.java:1604)
	at java.base/java.util.ArrayList.forEach(ArrayList.java:1604)
	at java.base/java.util.ArrayList.forEach(ArrayList.java:1604)

com.example.ibmcos.CosIfNoneMatchTest$PutWithEnbangoTests.twoConflicts_usesEnbango2 -- Time elapsed: 1.030 s <<< ERROR!
com.ibm.cloud.objectstorage.services.s3.model.AmazonS3Exception: The AWS Access Key ID you provided does not exist in our records. (Service: Amazon S3; Status Code: 403; Error Code: InvalidAccessKeyId; Request ID: 1ed9feb3-691f-4043-830c-6f516ce439fa; S3 Extended Request ID: null; Proxy: null), S3 Extended Request ID: null
	at com.ibm.cloud.objectstorage.http.AmazonHttpClient$RequestExecutor.handleErrorResponse(AmazonHttpClient.java:1879)
	at com.ibm.cloud.objectstorage.http.AmazonHttpClient$RequestExecutor.handleServiceErrorResponse(AmazonHttpClient.java:1418)
	at com.ibm.cloud.objectstorage.http.AmazonHttpClient$RequestExecutor.executeOneRequest(AmazonHttpClient.java:1387)
	at com.ibm.cloud.objectstorage.http.AmazonHttpClient$RequestExecutor.executeHelper(AmazonHttpClient.java:1157)
	at com.ibm.cloud.objectstorage.http.AmazonHttpClient$RequestExecutor.doExecute(AmazonHttpClient.java:814)
	at com.ibm.cloud.objectstorage.http.AmazonHttpClient$RequestExecutor.executeWithTimer(AmazonHttpClient.java:781)
	at com.ibm.cloud.objectstorage.http.AmazonHttpClient$RequestExecutor.execute(AmazonHttpClient.java:755)
	at com.ibm.cloud.objectstorage.http.AmazonHttpClient$RequestExecutor.access$500(AmazonHttpClient.java:715)
	at com.ibm.cloud.objectstorage.http.AmazonHttpClient$RequestExecutionBuilderImpl.execute(AmazonHttpClient.java:697)
	at com.ibm.cloud.objectstorage.http.AmazonHttpClient.execute(AmazonHttpClient.java:561)
	at com.ibm.cloud.objectstorage.http.AmazonHttpClient.execute(AmazonHttpClient.java:541)
	at com.ibm.cloud.objectstorage.services.s3.AmazonS3Client.invoke(AmazonS3Client.java:5697)
	at com.ibm.cloud.objectstorage.services.s3.AmazonS3Client.invoke(AmazonS3Client.java:5644)
	at com.ibm.cloud.objectstorage.services.s3.AmazonS3Client.getAcl(AmazonS3Client.java:4217)
	at com.ibm.cloud.objectstorage.services.s3.AmazonS3Client.getBucketAcl(AmazonS3Client.java:1249)
	at com.ibm.cloud.objectstorage.services.s3.AmazonS3Client.getBucketAcl(AmazonS3Client.java:1239)
	at com.ibm.cloud.objectstorage.services.s3.AmazonS3Client.doesBucketExistV2(AmazonS3Client.java:1380)
	at com.example.ibmcos.service.CosService.bucketExists(CosService.java:90)
	at com.example.ibmcos.CosIfNoneMatchTest.setUp(CosIfNoneMatchTest.java:39)
	at java.base/java.lang.reflect.Method.invoke(Method.java:565)
	at java.base/java.util.ArrayList.forEach(ArrayList.java:1604)
	at java.base/java.util.ArrayList.forEach(ArrayList.java:1604)
	at java.base/java.util.ArrayList.forEach(ArrayList.java:1604)

com.example.ibmcos.CosIfNoneMatchTest$PutWithEnbangoTests.threeConflicts_usesEnbango3 -- Time elapsed: 0.955 s <<< ERROR!
com.ibm.cloud.objectstorage.services.s3.model.AmazonS3Exception: The AWS Access Key ID you provided does not exist in our records. (Service: Amazon S3; Status Code: 403; Error Code: InvalidAccessKeyId; Request ID: 3d6edf05-6c12-4089-b7d5-01c079ad8de9; S3 Extended Request ID: null; Proxy: null), S3 Extended Request ID: null
	at com.ibm.cloud.objectstorage.http.AmazonHttpClient$RequestExecutor.handleErrorResponse(AmazonHttpClient.java:1879)
	at com.ibm.cloud.objectstorage.http.AmazonHttpClient$RequestExecutor.handleServiceErrorResponse(AmazonHttpClient.java:1418)
	at com.ibm.cloud.objectstorage.http.AmazonHttpClient$RequestExecutor.executeOneRequest(AmazonHttpClient.java:1387)
	at com.ibm.cloud.objectstorage.http.AmazonHttpClient$RequestExecutor.executeHelper(AmazonHttpClient.java:1157)
	at com.ibm.cloud.objectstorage.http.AmazonHttpClient$RequestExecutor.doExecute(AmazonHttpClient.java:814)
	at com.ibm.cloud.objectstorage.http.AmazonHttpClient$RequestExecutor.executeWithTimer(AmazonHttpClient.java:781)
	at com.ibm.cloud.objectstorage.http.AmazonHttpClient$RequestExecutor.execute(AmazonHttpClient.java:755)
	at com.ibm.cloud.objectstorage.http.AmazonHttpClient$RequestExecutor.access$500(AmazonHttpClient.java:715)
	at com.ibm.cloud.objectstorage.http.AmazonHttpClient$RequestExecutionBuilderImpl.execute(AmazonHttpClient.java:697)
	at com.ibm.cloud.objectstorage.http.AmazonHttpClient.execute(AmazonHttpClient.java:561)
	at com.ibm.cloud.objectstorage.http.AmazonHttpClient.execute(AmazonHttpClient.java:541)
	at com.ibm.cloud.objectstorage.services.s3.AmazonS3Client.invoke(AmazonS3Client.java:5697)
	at com.ibm.cloud.objectstorage.services.s3.AmazonS3Client.invoke(AmazonS3Client.java:5644)
	at com.ibm.cloud.objectstorage.services.s3.AmazonS3Client.getAcl(AmazonS3Client.java:4217)
	at com.ibm.cloud.objectstorage.services.s3.AmazonS3Client.getBucketAcl(AmazonS3Client.java:1249)
	at com.ibm.cloud.objectstorage.services.s3.AmazonS3Client.getBucketAcl(AmazonS3Client.java:1239)
	at com.ibm.cloud.objectstorage.services.s3.AmazonS3Client.doesBucketExistV2(AmazonS3Client.java:1380)
	at com.example.ibmcos.service.CosService.bucketExists(CosService.java:90)
	at com.example.ibmcos.CosIfNoneMatchTest.setUp(CosIfNoneMatchTest.java:39)
	at java.base/java.lang.reflect.Method.invoke(Method.java:565)
	at java.base/java.util.ArrayList.forEach(ArrayList.java:1604)
	at java.base/java.util.ArrayList.forEach(ArrayList.java:1604)
	at java.base/java.util.ArrayList.forEach(ArrayList.java:1604)

com.example.ibmcos.CosIfNoneMatchTest$PutWithEnbangoTests.noConflict_usesOriginalKey -- Time elapsed: 0.983 s <<< ERROR!
com.ibm.cloud.objectstorage.services.s3.model.AmazonS3Exception: The AWS Access Key ID you provided does not exist in our records. (Service: Amazon S3; Status Code: 403; Error Code: InvalidAccessKeyId; Request ID: 4b8d14b0-443a-4ddf-948d-d2ebbb5de79c; S3 Extended Request ID: null; Proxy: null), S3 Extended Request ID: null
	at com.ibm.cloud.objectstorage.http.AmazonHttpClient$RequestExecutor.handleErrorResponse(AmazonHttpClient.java:1879)
	at com.ibm.cloud.objectstorage.http.AmazonHttpClient$RequestExecutor.handleServiceErrorResponse(AmazonHttpClient.java:1418)
	at com.ibm.cloud.objectstorage.http.AmazonHttpClient$RequestExecutor.executeOneRequest(AmazonHttpClient.java:1387)
	at com.ibm.cloud.objectstorage.http.AmazonHttpClient$RequestExecutor.executeHelper(AmazonHttpClient.java:1157)
	at com.ibm.cloud.objectstorage.http.AmazonHttpClient$RequestExecutor.doExecute(AmazonHttpClient.java:814)
	at com.ibm.cloud.objectstorage.http.AmazonHttpClient$RequestExecutor.executeWithTimer(AmazonHttpClient.java:781)
	at com.ibm.cloud.objectstorage.http.AmazonHttpClient$RequestExecutor.execute(AmazonHttpClient.java:755)
	at com.ibm.cloud.objectstorage.http.AmazonHttpClient$RequestExecutor.access$500(AmazonHttpClient.java:715)
	at com.ibm.cloud.objectstorage.http.AmazonHttpClient$RequestExecutionBuilderImpl.execute(AmazonHttpClient.java:697)
	at com.ibm.cloud.objectstorage.http.AmazonHttpClient.execute(AmazonHttpClient.java:561)
	at com.ibm.cloud.objectstorage.http.AmazonHttpClient.execute(AmazonHttpClient.java:541)
	at com.ibm.cloud.objectstorage.services.s3.AmazonS3Client.invoke(AmazonS3Client.java:5697)
	at com.ibm.cloud.objectstorage.services.s3.AmazonS3Client.invoke(AmazonS3Client.java:5644)
	at com.ibm.cloud.objectstorage.services.s3.AmazonS3Client.getAcl(AmazonS3Client.java:4217)
	at com.ibm.cloud.objectstorage.services.s3.AmazonS3Client.getBucketAcl(AmazonS3Client.java:1249)
	at com.ibm.cloud.objectstorage.services.s3.AmazonS3Client.getBucketAcl(AmazonS3Client.java:1239)
	at com.ibm.cloud.objectstorage.services.s3.AmazonS3Client.doesBucketExistV2(AmazonS3Client.java:1380)
	at com.example.ibmcos.service.CosService.bucketExists(CosService.java:90)
	at com.example.ibmcos.CosIfNoneMatchTest.setUp(CosIfNoneMatchTest.java:39)
	at java.base/java.lang.reflect.Method.invoke(Method.java:565)
	at java.base/java.util.ArrayList.forEach(ArrayList.java:1604)
	at java.base/java.util.ArrayList.forEach(ArrayList.java:1604)
	at java.base/java.util.ArrayList.forEach(ArrayList.java:1604)

