-------------------------------------------------------------------------------
Test set: com.example.ibmcos.CosIfNoneMatchTest$AppendEnbangoTests
-------------------------------------------------------------------------------
Tests run: 6, Failures: 0, Errors: 6, Skipped: 0, Time elapsed: 4.203 s <<< FAILURE! -- in com.example.ibmcos.CosIfNoneMatchTest$AppendEnbangoTests
com.example.ibmcos.CosIfNoneMatchTest.putIfAbsent_conflict_throws412 -- Time elapsed: 3.220 s <<< ERROR!
com.ibm.cloud.objectstorage.services.s3.model.AmazonS3Exception: The AWS Access Key ID you provided does not exist in our records. (Service: Amazon S3; Status Code: 403; Error Code: InvalidAccessKeyId; Request ID: 8d60ed4f-2574-4bee-b049-45fd73271c3b; S3 Extended Request ID: null; Proxy: null), S3 Extended Request ID: null
	at com.ibm.cloud.objectstorage.http.AmazonHttpClient$RequestExecutor.handleErrorResponse(AmazonHttpClient.java:1879)
	at com.ibm.cloud.objectstorage.http.AmazonHttpClient$RequestExecutor.handleServiceErrorResponse(AmazonHttpClient.java:1418)
	at com.ibm.cloud.objectstorage.http.AmazonHttpClient$RequestExecutor.executeOneRequest(AmazonHttpClient.java:1387)
	at com.ibm.cloud.objectstorage.http.AmazonHttpClient$RequestExecutor.executeHelper(AmazonHttpClient.java:1157)
	at com.ibm.cloud.objectstorage.http.AmazonHttpClient$RequestExecutor.doExecute(AmazonHttpClient.java:814)
	at com.ibm.cloud.objectstorage.http.AmazonHttpClient$RequestExecutor.executeWithTimer(AmazonHttpClient.java:781)
	at com.ibm.cloud.objectstorage.http.AmazonHttpClient$RequestExecutor.execute(AmazonHttpClient.java:755)
	at com.ibm.cloud.objectstorage.http.AmazonHttpClient$RequestExecutor.access$500(AmazonHttpClient.java:715)
	at com.ibm.cloud.objectstorage.http.AmazonHttpClient$RequestExecutionBuilderImpl.execute(AmazonHttpClient.java:697)
	at com.ibm.cloud.objectstorage.http.AmazonHttpClient.execute(AmazonHttpClient.java:561)
	at com.ibm.cloud.objectstorage.http.AmazonHttpClient.execute(AmazonHttpClient.java:541)
	at com.ibm.cloud.objectstorage.services.s3.AmazonS3Client.invoke(AmazonS3Client.java:5697)
	at com.ibm.cloud.objectstorage.services.s3.AmazonS3Client.invoke(AmazonS3Client.java:5644)
	at com.ibm.cloud.objectstorage.services.s3.AmazonS3Client.getAcl(AmazonS3Client.java:4217)
	at com.ibm.cloud.objectstorage.services.s3.AmazonS3Client.getBucketAcl(AmazonS3Client.java:1249)
	at com.ibm.cloud.objectstorage.services.s3.AmazonS3Client.getBucketAcl(AmazonS3Client.java:1239)
	at com.ibm.cloud.objectstorage.services.s3.AmazonS3Client.doesBucketExistV2(AmazonS3Client.java:1380)
	at com.example.ibmcos.service.CosService.bucketExists(CosService.java:90)
	at com.example.ibmcos.CosIfNoneMatchTest.setUp(CosIfNoneMatchTest.java:39)
	at java.base/java.lang.reflect.Method.invoke(Method.java:565)
	at java.base/java.util.ArrayList.forEach(ArrayList.java:1604)
	at java.base/java.util.ArrayList.forEach(ArrayList.java:1604)

com.example.ibmcos.CosIfNoneMatchTest.putIfAbsent_noConflict_succeeds -- Time elapsed: 1.174 s <<< ERROR!
com.ibm.cloud.objectstorage.services.s3.model.AmazonS3Exception: The AWS Access Key ID you provided does not exist in our records. (Service: Amazon S3; Status Code: 403; Error Code: InvalidAccessKeyId; Request ID: 54591314-055a-4c6c-9919-bb54e4eea991; S3 Extended Request ID: null; Proxy: null), S3 Extended Request ID: null
	at com.ibm.cloud.objectstorage.http.AmazonHttpClient$RequestExecutor.handleErrorResponse(AmazonHttpClient.java:1879)
	at com.ibm.cloud.objectstorage.http.AmazonHttpClient$RequestExecutor.handleServiceErrorResponse(AmazonHttpClient.java:1418)
	at com.ibm.cloud.objectstorage.http.AmazonHttpClient$RequestExecutor.executeOneRequest(AmazonHttpClient.java:1387)
	at com.ibm.cloud.objectstorage.http.AmazonHttpClient$RequestExecutor.executeHelper(AmazonHttpClient.java:1157)
	at com.ibm.cloud.objectstorage.http.AmazonHttpClient$RequestExecutor.doExecute(AmazonHttpClient.java:814)
	at com.ibm.cloud.objectstorage.http.AmazonHttpClient$RequestExecutor.executeWithTimer(AmazonHttpClient.java:781)
	at com.ibm.cloud.objectstorage.http.AmazonHttpClient$RequestExecutor.execute(AmazonHttpClient.java:755)
	at com.ibm.cloud.objectstorage.http.AmazonHttpClient$RequestExecutor.access$500(AmazonHttpClient.java:715)
	at com.ibm.cloud.objectstorage.http.AmazonHttpClient$RequestExecutionBuilderImpl.execute(AmazonHttpClient.java:697)
	at com.ibm.cloud.objectstorage.http.AmazonHttpClient.execute(AmazonHttpClient.java:561)
	at com.ibm.cloud.objectstorage.http.AmazonHttpClient.execute(AmazonHttpClient.java:541)
	at com.ibm.cloud.objectstorage.services.s3.AmazonS3Client.invoke(AmazonS3Client.java:5697)
	at com.ibm.cloud.objectstorage.services.s3.AmazonS3Client.invoke(AmazonS3Client.java:5644)
	at com.ibm.cloud.objectstorage.services.s3.AmazonS3Client.getAcl(AmazonS3Client.java:4217)
	at com.ibm.cloud.objectstorage.services.s3.AmazonS3Client.getBucketAcl(AmazonS3Client.java:1249)
	at com.ibm.cloud.objectstorage.services.s3.AmazonS3Client.getBucketAcl(AmazonS3Client.java:1239)
	at com.ibm.cloud.objectstorage.services.s3.AmazonS3Client.doesBucketExistV2(AmazonS3Client.java:1380)
	at com.example.ibmcos.service.CosService.bucketExists(CosService.java:90)
	at com.example.ibmcos.CosIfNoneMatchTest.setUp(CosIfNoneMatchTest.java:39)
	at java.base/java.lang.reflect.Method.invoke(Method.java:565)
	at java.base/java.util.ArrayList.forEach(ArrayList.java:1604)
	at java.base/java.util.ArrayList.forEach(ArrayList.java:1604)

com.example.ibmcos.CosIfNoneMatchTest$AppendEnbangoTests.hiddenFile -- Time elapsed: 1.100 s <<< ERROR!
com.ibm.cloud.objectstorage.services.s3.model.AmazonS3Exception: The AWS Access Key ID you provided does not exist in our records. (Service: Amazon S3; Status Code: 403; Error Code: InvalidAccessKeyId; Request ID: 30bb6ed1-a497-4613-8b00-2d442e155642; S3 Extended Request ID: null; Proxy: null), S3 Extended Request ID: null
	at com.ibm.cloud.objectstorage.http.AmazonHttpClient$RequestExecutor.handleErrorResponse(AmazonHttpClient.java:1879)
	at com.ibm.cloud.objectstorage.http.AmazonHttpClient$RequestExecutor.handleServiceErrorResponse(AmazonHttpClient.java:1418)
	at com.ibm.cloud.objectstorage.http.AmazonHttpClient$RequestExecutor.executeOneRequest(AmazonHttpClient.java:1387)
	at com.ibm.cloud.objectstorage.http.AmazonHttpClient$RequestExecutor.executeHelper(AmazonHttpClient.java:1157)
	at com.ibm.cloud.objectstorage.http.AmazonHttpClient$RequestExecutor.doExecute(AmazonHttpClient.java:814)
	at com.ibm.cloud.objectstorage.http.AmazonHttpClient$RequestExecutor.executeWithTimer(AmazonHttpClient.java:781)
	at com.ibm.cloud.objectstorage.http.AmazonHttpClient$RequestExecutor.execute(AmazonHttpClient.java:755)
	at com.ibm.cloud.objectstorage.http.AmazonHttpClient$RequestExecutor.access$500(AmazonHttpClient.java:715)
	at com.ibm.cloud.objectstorage.http.AmazonHttpClient$RequestExecutionBuilderImpl.execute(AmazonHttpClient.java:697)
	at com.ibm.cloud.objectstorage.http.AmazonHttpClient.execute(AmazonHttpClient.java:561)
	at com.ibm.cloud.objectstorage.http.AmazonHttpClient.execute(AmazonHttpClient.java:541)
	at com.ibm.cloud.objectstorage.services.s3.AmazonS3Client.invoke(AmazonS3Client.java:5697)
	at com.ibm.cloud.objectstorage.services.s3.AmazonS3Client.invoke(AmazonS3Client.java:5644)
	at com.ibm.cloud.objectstorage.services.s3.AmazonS3Client.getAcl(AmazonS3Client.java:4217)
	at com.ibm.cloud.objectstorage.services.s3.AmazonS3Client.getBucketAcl(AmazonS3Client.java:1249)
	at com.ibm.cloud.objectstorage.services.s3.AmazonS3Client.getBucketAcl(AmazonS3Client.java:1239)
	at com.ibm.cloud.objectstorage.services.s3.AmazonS3Client.doesBucketExistV2(AmazonS3Client.java:1380)
	at com.example.ibmcos.service.CosService.bucketExists(CosService.java:90)
	at com.example.ibmcos.CosIfNoneMatchTest.setUp(CosIfNoneMatchTest.java:39)
	at java.base/java.lang.reflect.Method.invoke(Method.java:565)
	at java.base/java.util.ArrayList.forEach(ArrayList.java:1604)
	at java.base/java.util.ArrayList.forEach(ArrayList.java:1604)
	at java.base/java.util.ArrayList.forEach(ArrayList.java:1604)

com.example.ibmcos.CosIfNoneMatchTest$AppendEnbangoTests.withExtension -- Time elapsed: 1.029 s <<< ERROR!
com.ibm.cloud.objectstorage.services.s3.model.AmazonS3Exception: The AWS Access Key ID you provided does not exist in our records. (Service: Amazon S3; Status Code: 403; Error Code: InvalidAccessKeyId; Request ID: e330670c-e791-46f1-a311-70922da3f644; S3 Extended Request ID: null; Proxy: null), S3 Extended Request ID: null
	at com.ibm.cloud.objectstorage.http.AmazonHttpClient$RequestExecutor.handleErrorResponse(AmazonHttpClient.java:1879)
	at com.ibm.cloud.objectstorage.http.AmazonHttpClient$RequestExecutor.handleServiceErrorResponse(AmazonHttpClient.java:1418)
	at com.ibm.cloud.objectstorage.http.AmazonHttpClient$RequestExecutor.executeOneRequest(AmazonHttpClient.java:1387)
	at com.ibm.cloud.objectstorage.http.AmazonHttpClient$RequestExecutor.executeHelper(AmazonHttpClient.java:1157)
	at com.ibm.cloud.objectstorage.http.AmazonHttpClient$RequestExecutor.doExecute(AmazonHttpClient.java:814)
	at com.ibm.cloud.objectstorage.http.AmazonHttpClient$RequestExecutor.executeWithTimer(AmazonHttpClient.java:781)
	at com.ibm.cloud.objectstorage.http.AmazonHttpClient$RequestExecutor.execute(AmazonHttpClient.java:755)
	at com.ibm.cloud.objectstorage.http.AmazonHttpClient$RequestExecutor.access$500(AmazonHttpClient.java:715)
	at com.ibm.cloud.objectstorage.http.AmazonHttpClient$RequestExecutionBuilderImpl.execute(AmazonHttpClient.java:697)
	at com.ibm.cloud.objectstorage.http.AmazonHttpClient.execute(AmazonHttpClient.java:561)
	at com.ibm.cloud.objectstorage.http.AmazonHttpClient.execute(AmazonHttpClient.java:541)
	at com.ibm.cloud.objectstorage.services.s3.AmazonS3Client.invoke(AmazonS3Client.java:5697)
	at com.ibm.cloud.objectstorage.services.s3.AmazonS3Client.invoke(AmazonS3Client.java:5644)
	at com.ibm.cloud.objectstorage.services.s3.AmazonS3Client.getAcl(AmazonS3Client.java:4217)
	at com.ibm.cloud.objectstorage.services.s3.AmazonS3Client.getBucketAcl(AmazonS3Client.java:1249)
	at com.ibm.cloud.objectstorage.services.s3.AmazonS3Client.getBucketAcl(AmazonS3Client.java:1239)
	at com.ibm.cloud.objectstorage.services.s3.AmazonS3Client.doesBucketExistV2(AmazonS3Client.java:1380)
	at com.example.ibmcos.service.CosService.bucketExists(CosService.java:90)
	at com.example.ibmcos.CosIfNoneMatchTest.setUp(CosIfNoneMatchTest.java:39)
	at java.base/java.lang.reflect.Method.invoke(Method.java:565)
	at java.base/java.util.ArrayList.forEach(ArrayList.java:1604)
	at java.base/java.util.ArrayList.forEach(ArrayList.java:1604)
	at java.base/java.util.ArrayList.forEach(ArrayList.java:1604)

com.example.ibmcos.CosIfNoneMatchTest$AppendEnbangoTests.multiDot -- Time elapsed: 1.026 s <<< ERROR!
com.ibm.cloud.objectstorage.services.s3.model.AmazonS3Exception: The AWS Access Key ID you provided does not exist in our records. (Service: Amazon S3; Status Code: 403; Error Code: InvalidAccessKeyId; Request ID: 0eb74632-1d62-471c-b5ab-ca97ec10713c; S3 Extended Request ID: null; Proxy: null), S3 Extended Request ID: null
	at com.ibm.cloud.objectstorage.http.AmazonHttpClient$RequestExecutor.handleErrorResponse(AmazonHttpClient.java:1879)
	at com.ibm.cloud.objectstorage.http.AmazonHttpClient$RequestExecutor.handleServiceErrorResponse(AmazonHttpClient.java:1418)
	at com.ibm.cloud.objectstorage.http.AmazonHttpClient$RequestExecutor.executeOneRequest(AmazonHttpClient.java:1387)
	at com.ibm.cloud.objectstorage.http.AmazonHttpClient$RequestExecutor.executeHelper(AmazonHttpClient.java:1157)
	at com.ibm.cloud.objectstorage.http.AmazonHttpClient$RequestExecutor.doExecute(AmazonHttpClient.java:814)
	at com.ibm.cloud.objectstorage.http.AmazonHttpClient$RequestExecutor.executeWithTimer(AmazonHttpClient.java:781)
	at com.ibm.cloud.objectstorage.http.AmazonHttpClient$RequestExecutor.execute(AmazonHttpClient.java:755)
	at com.ibm.cloud.objectstorage.http.AmazonHttpClient$RequestExecutor.access$500(AmazonHttpClient.java:715)
	at com.ibm.cloud.objectstorage.http.AmazonHttpClient$RequestExecutionBuilderImpl.execute(AmazonHttpClient.java:697)
	at com.ibm.cloud.objectstorage.http.AmazonHttpClient.execute(AmazonHttpClient.java:561)
	at com.ibm.cloud.objectstorage.http.AmazonHttpClient.execute(AmazonHttpClient.java:541)
	at com.ibm.cloud.objectstorage.services.s3.AmazonS3Client.invoke(AmazonS3Client.java:5697)
	at com.ibm.cloud.objectstorage.services.s3.AmazonS3Client.invoke(AmazonS3Client.java:5644)
	at com.ibm.cloud.objectstorage.services.s3.AmazonS3Client.getAcl(AmazonS3Client.java:4217)
	at com.ibm.cloud.objectstorage.services.s3.AmazonS3Client.getBucketAcl(AmazonS3Client.java:1249)
	at com.ibm.cloud.objectstorage.services.s3.AmazonS3Client.getBucketAcl(AmazonS3Client.java:1239)
	at com.ibm.cloud.objectstorage.services.s3.AmazonS3Client.doesBucketExistV2(AmazonS3Client.java:1380)
	at com.example.ibmcos.service.CosService.bucketExists(CosService.java:90)
	at com.example.ibmcos.CosIfNoneMatchTest.setUp(CosIfNoneMatchTest.java:39)
	at java.base/java.lang.reflect.Method.invoke(Method.java:565)
	at java.base/java.util.ArrayList.forEach(ArrayList.java:1604)
	at java.base/java.util.ArrayList.forEach(ArrayList.java:1604)
	at java.base/java.util.ArrayList.forEach(ArrayList.java:1604)

com.example.ibmcos.CosIfNoneMatchTest$AppendEnbangoTests.noExtension -- Time elapsed: 1.031 s <<< ERROR!
com.ibm.cloud.objectstorage.services.s3.model.AmazonS3Exception: The AWS Access Key ID you provided does not exist in our records. (Service: Amazon S3; Status Code: 403; Error Code: InvalidAccessKeyId; Request ID: e1524caf-d9bf-4451-9820-95bacf7c8978; S3 Extended Request ID: null; Proxy: null), S3 Extended Request ID: null
	at com.ibm.cloud.objectstorage.http.AmazonHttpClient$RequestExecutor.handleErrorResponse(AmazonHttpClient.java:1879)
	at com.ibm.cloud.objectstorage.http.AmazonHttpClient$RequestExecutor.handleServiceErrorResponse(AmazonHttpClient.java:1418)
	at com.ibm.cloud.objectstorage.http.AmazonHttpClient$RequestExecutor.executeOneRequest(AmazonHttpClient.java:1387)
	at com.ibm.cloud.objectstorage.http.AmazonHttpClient$RequestExecutor.executeHelper(AmazonHttpClient.java:1157)
	at com.ibm.cloud.objectstorage.http.AmazonHttpClient$RequestExecutor.doExecute(AmazonHttpClient.java:814)
	at com.ibm.cloud.objectstorage.http.AmazonHttpClient$RequestExecutor.executeWithTimer(AmazonHttpClient.java:781)
	at com.ibm.cloud.objectstorage.http.AmazonHttpClient$RequestExecutor.execute(AmazonHttpClient.java:755)
	at com.ibm.cloud.objectstorage.http.AmazonHttpClient$RequestExecutor.access$500(AmazonHttpClient.java:715)
	at com.ibm.cloud.objectstorage.http.AmazonHttpClient$RequestExecutionBuilderImpl.execute(AmazonHttpClient.java:697)
	at com.ibm.cloud.objectstorage.http.AmazonHttpClient.execute(AmazonHttpClient.java:561)
	at com.ibm.cloud.objectstorage.http.AmazonHttpClient.execute(AmazonHttpClient.java:541)
	at com.ibm.cloud.objectstorage.services.s3.AmazonS3Client.invoke(AmazonS3Client.java:5697)
	at com.ibm.cloud.objectstorage.services.s3.AmazonS3Client.invoke(AmazonS3Client.java:5644)
	at com.ibm.cloud.objectstorage.services.s3.AmazonS3Client.getAcl(AmazonS3Client.java:4217)
	at com.ibm.cloud.objectstorage.services.s3.AmazonS3Client.getBucketAcl(AmazonS3Client.java:1249)
	at com.ibm.cloud.objectstorage.services.s3.AmazonS3Client.getBucketAcl(AmazonS3Client.java:1239)
	at com.ibm.cloud.objectstorage.services.s3.AmazonS3Client.doesBucketExistV2(AmazonS3Client.java:1380)
	at com.example.ibmcos.service.CosService.bucketExists(CosService.java:90)
	at com.example.ibmcos.CosIfNoneMatchTest.setUp(CosIfNoneMatchTest.java:39)
	at java.base/java.lang.reflect.Method.invoke(Method.java:565)
	at java.base/java.util.ArrayList.forEach(ArrayList.java:1604)
	at java.base/java.util.ArrayList.forEach(ArrayList.java:1604)
	at java.base/java.util.ArrayList.forEach(ArrayList.java:1604)

