<?xml version="1.0" encoding="UTF-8"?>
<testsuite xmlns:xsi="http://www.w3.org/2001/XMLSchema-instance" xsi:noNamespaceSchemaLocation="https://maven.apache.org/surefire/maven-surefire-plugin/xsd/surefire-test-report-3.0.xsd" version="3.0" name="com.example.ibmcos.CosIfNoneMatchTest$AppendEnbangoTests" time="4.203" tests="6" errors="6" skipped="0" failures="0">
  <properties>
[...]
</properties>
  <testcase name="putIfAbsent_conflict_throws412" classname="com.example.ibmcos.CosIfNoneMatchTest" time="3.22">
    <error message="The AWS Access Key ID you provided does not exist in our records. (Service: Amazon S3; Status Code: 403; Error Code: InvalidAccessKeyId; Request ID: 8d60ed4f-2574-4bee-b049-45fd73271c3b; S3 Extended Request ID: null; Proxy: null)" type="com.ibm.cloud.objectstorage.services.s3.model.AmazonS3Exception"><![CDATA[com.ibm.cloud.objectstorage.services.s3.model.AmazonS3Exception: The AWS Access Key ID you provided does not exist in our records. (Service: Amazon S3; Status Code: 403; Error Code: InvalidAccessKeyId; Request ID: 8d60ed4f-2574-4bee-b049-45fd73271c3b; S3 Extended Request ID: null; Proxy: null), S3 Extended Request ID: null
	at com.ibm.cloud.objectstorage.http.AmazonHttpClient$RequestExecutor.handleErrorResponse(AmazonHttpClient.java:1879)
	at com.ibm.cloud.objectstorage.http.AmazonHttpClient$RequestExecutor.handleServiceErrorResponse(AmazonHttpClient.java:1418)
	at com.ibm.cloud.objectstorage.http.AmazonHttpClient$RequestExecutor.executeOneRequest(AmazonHttpClient.java:1387)
	at com.ibm.cloud.objectstorage.http.AmazonHttpClient$RequestExecutor.executeHelper(AmazonHttpClient.java:1157)
	at com.ibm.cloud.objectstorage.http.AmazonHttpClient$RequestExecutor.doExecute(AmazonHttpClient.java:814)
	at com.ibm.cloud.objectstorage.http.AmazonHttpClient$RequestExecutor.executeWithTimer(AmazonHttpClient.java:781)
	at com.ibm.cloud.objectstorage.http.AmazonHttpClient$RequestExecutor.execute(AmazonHttpClient.java:755)
	at com.ibm.cloud.objectstorage.http.AmazonHttpClient$RequestExecutor.access$500(AmazonHttpClient.java:715)
	at com.ibm.cloud.objectstorage.http.AmazonHttpClient$RequestExecutionBuilderImpl.execute(AmazonHttpClient.java:697)
	at com.ibm.cloud.objectstorage.http.AmazonHttpClient.execute(AmazonHttpClient.java:561)
	at com.ibm.cloud.objectstorage.http.AmazonHttpClient.execute(AmazonHttpClient.java:541)
	at com.ibm.cloud.objectstorage.services.s3.AmazonS3Client.invoke(AmazonS3Client.java:5697)
	at com.ibm.cloud.objectstorage.services.s3.AmazonS3Client.invoke(AmazonS3Client.java:5644)
	at com.ibm.cloud.objectstorage.services.s3.AmazonS3Client.getAcl(AmazonS3Client.java:4217)
	at com.ibm.cloud.objectstorage.services.s3.AmazonS3Client.getBucketAcl(AmazonS3Client.java:1249)
	at com.ibm.cloud.objectstorage.services.s3.AmazonS3Client.getBucketAcl(AmazonS3Client.java:1239)
	at com.ibm.cloud.objectstorage.services.s3.AmazonS3Client.doesBucketExistV2(AmazonS3Client.java:1380)
	at com.example.ibmcos.service.CosService.bucketExists(CosService.java:90)
	at com.example.ibmcos.CosIfNoneMatchTest.setUp(CosIfNoneMatchTest.java:39)
	at java.base/java.lang.reflect.Method.invoke(Method.java:565)
	at java.base/java.util.ArrayList.forEach(ArrayList.java:1604)
	at java.base/java.util.ArrayList.forEach(ArrayList.java:1604)
]]></error>
    <system-out><![CDATA[19:40:42.048 [main] INFO org.springframework.test.context.support.AnnotationConfigContextLoaderUtils -- Could not detect default configuration classes for test class [com.example.ibmcos.CosIfNoneMatchTest]: CosIfNoneMatchTest does not declare any static, non-private, non-final, nested classes annotated with @Configuration.
19:40:42.118 [main] INFO org.springframework.boot.test.context.SpringBootTestContextBootstrapper -- Found @SpringBootConfiguration com.example.ibmcos.IbmCosApplication for test class com.example.ibmcos.CosIfNoneMatchTest

  .   ____          _            __ _ _
 /\\ / ___'_ __ _ _(_)_ __  __ _ \ \ \ \
( ( )\___ | '_ | '_| | '_ \/ _` | \ \ \ \
 \\/  ___)| |_)| | | | | || (_| |  ) ) ) )
  '  |____| .__|_| |_|_| |_\__, | / / / /
 =========|_|==============|___/=/_/_/_/
 :: Spring Boot ::                (v3.2.5)

2026-05-21T19:40:42.319+09:00  INFO 18702 --- [           main] com.example.ibmcos.CosIfNoneMatchTest    : Starting CosIfNoneMatchTest using Java 25.0.1 with PID 18702 (started by yangjian in /Users/yangjian/Documents/work/share/ibm)
2026-05-21T19:40:42.320+09:00  INFO 18702 --- [           main] com.example.ibmcos.CosIfNoneMatchTest    : No active profile set, falling back to 1 default profile: "default"
2026-05-21T19:40:43.658+09:00  INFO 18702 --- [           main] com.example.ibmcos.CosIfNoneMatchTest    : Started CosIfNoneMatchTest in 1.47 seconds (process running for 2.305)
]]></system-out>
    <system-err><![CDATA[WARNING: A Java agent has been loaded dynamically (/Users/yangjian/.m2/repository/net/bytebuddy/byte-buddy-agent/1.14.13/byte-buddy-agent-1.14.13.jar)
WARNING: If a serviceability tool is in use, please run with -XX:+EnableDynamicAgentLoading to hide this warning
WARNING: If a serviceability tool is not in use, please run with -Djdk.instrument.traceUsage for more information
WARNING: Dynamic loading of agents will be disallowed by default in a future release
]]></system-err>
  </testcase>
  <testcase name="putIfAbsent_noConflict_succeeds" classname="com.example.ibmcos.CosIfNoneMatchTest" time="1.174">
    <error message="The AWS Access Key ID you provided does not exist in our records. (Service: Amazon S3; Status Code: 403; Error Code: InvalidAccessKeyId; Request ID: 54591314-055a-4c6c-9919-bb54e4eea991; S3 Extended Request ID: null; Proxy: null)" type="com.ibm.cloud.objectstorage.services.s3.model.AmazonS3Exception"><![CDATA[com.ibm.cloud.objectstorage.services.s3.model.AmazonS3Exception: The AWS Access Key ID you provided does not exist in our records. (Service: Amazon S3; Status Code: 403; Error Code: InvalidAccessKeyId; Request ID: 54591314-055a-4c6c-9919-bb54e4eea991; S3 Extended Request ID: null; Proxy: null), S3 Extended Request ID: null
	at com.ibm.cloud.objectstorage.http.AmazonHttpClient$RequestExecutor.handleErrorResponse(AmazonHttpClient.java:1879)
	at com.ibm.cloud.objectstorage.http.AmazonHttpClient$RequestExecutor.handleServiceErrorResponse(AmazonHttpClient.java:1418)
	at com.ibm.cloud.objectstorage.http.AmazonHttpClient$RequestExecutor.executeOneRequest(AmazonHttpClient.java:1387)
	at com.ibm.cloud.objectstorage.http.AmazonHttpClient$RequestExecutor.executeHelper(AmazonHttpClient.java:1157)
	at com.ibm.cloud.objectstorage.http.AmazonHttpClient$RequestExecutor.doExecute(AmazonHttpClient.java:814)
	at com.ibm.cloud.objectstorage.http.AmazonHttpClient$RequestExecutor.executeWithTimer(AmazonHttpClient.java:781)
	at com.ibm.cloud.objectstorage.http.AmazonHttpClient$RequestExecutor.execute(AmazonHttpClient.java:755)
	at com.ibm.cloud.objectstorage.http.AmazonHttpClient$RequestExecutor.access$500(AmazonHttpClient.java:715)
	at com.ibm.cloud.objectstorage.http.AmazonHttpClient$RequestExecutionBuilderImpl.execute(AmazonHttpClient.java:697)
	at com.ibm.cloud.objectstorage.http.AmazonHttpClient.execute(AmazonHttpClient.java:561)
	at com.ibm.cloud.objectstorage.http.AmazonHttpClient.execute(AmazonHttpClient.java:541)
	at com.ibm.cloud.objectstorage.services.s3.AmazonS3Client.invoke(AmazonS3Client.java:5697)
	at com.ibm.cloud.objectstorage.services.s3.AmazonS3Client.invoke(AmazonS3Client.java:5644)
	at com.ibm.cloud.objectstorage.services.s3.AmazonS3Client.getAcl(AmazonS3Client.java:4217)
	at com.ibm.cloud.objectstorage.services.s3.AmazonS3Client.getBucketAcl(AmazonS3Client.java:1249)
	at com.ibm.cloud.objectstorage.services.s3.AmazonS3Client.getBucketAcl(AmazonS3Client.java:1239)
	at com.ibm.cloud.objectstorage.services.s3.AmazonS3Client.doesBucketExistV2(AmazonS3Client.java:1380)
	at com.example.ibmcos.service.CosService.bucketExists(CosService.java:90)
	at com.example.ibmcos.CosIfNoneMatchTest.setUp(CosIfNoneMatchTest.java:39)
	at java.base/java.lang.reflect.Method.invoke(Method.java:565)
	at java.base/java.util.ArrayList.forEach(ArrayList.java:1604)
	at java.base/java.util.ArrayList.forEach(ArrayList.java:1604)
]]></error>
  </testcase>
  <testcase name="hiddenFile" classname="com.example.ibmcos.CosIfNoneMatchTest$AppendEnbangoTests" time="1.1">
    <error message="The AWS Access Key ID you provided does not exist in our records. (Service: Amazon S3; Status Code: 403; Error Code: InvalidAccessKeyId; Request ID: 30bb6ed1-a497-4613-8b00-2d442e155642; S3 Extended Request ID: null; Proxy: null)" type="com.ibm.cloud.objectstorage.services.s3.model.AmazonS3Exception"><![CDATA[com.ibm.cloud.objectstorage.services.s3.model.AmazonS3Exception: The AWS Access Key ID you provided does not exist in our records. (Service: Amazon S3; Status Code: 403; Error Code: InvalidAccessKeyId; Request ID: 30bb6ed1-a497-4613-8b00-2d442e155642; S3 Extended Request ID: null; Proxy: null), S3 Extended Request ID: null
	at com.ibm.cloud.objectstorage.http.AmazonHttpClient$RequestExecutor.handleErrorResponse(AmazonHttpClient.java:1879)
	at com.ibm.cloud.objectstorage.http.AmazonHttpClient$RequestExecutor.handleServiceErrorResponse(AmazonHttpClient.java:1418)
	at com.ibm.cloud.objectstorage.http.AmazonHttpClient$RequestExecutor.executeOneRequest(AmazonHttpClient.java:1387)
	at com.ibm.cloud.objectstorage.http.AmazonHttpClient$RequestExecutor.executeHelper(AmazonHttpClient.java:1157)
	at com.ibm.cloud.objectstorage.http.AmazonHttpClient$RequestExecutor.doExecute(AmazonHttpClient.java:814)
	at com.ibm.cloud.objectstorage.http.AmazonHttpClient$RequestExecutor.executeWithTimer(AmazonHttpClient.java:781)
	at com.ibm.cloud.objectstorage.http.AmazonHttpClient$RequestExecutor.execute(AmazonHttpClient.java:755)
	at com.ibm.cloud.objectstorage.http.AmazonHttpClient$RequestExecutor.access$500(AmazonHttpClient.java:715)
	at com.ibm.cloud.objectstorage.http.AmazonHttpClient$RequestExecutionBuilderImpl.execute(AmazonHttpClient.java:697)
	at com.ibm.cloud.objectstorage.http.AmazonHttpClient.execute(AmazonHttpClient.java:561)
	at com.ibm.cloud.objectstorage.http.AmazonHttpClient.execute(AmazonHttpClient.java:541)
	at com.ibm.cloud.objectstorage.services.s3.AmazonS3Client.invoke(AmazonS3Client.java:5697)
	at com.ibm.cloud.objectstorage.services.s3.AmazonS3Client.invoke(AmazonS3Client.java:5644)
	at com.ibm.cloud.objectstorage.services.s3.AmazonS3Client.getAcl(AmazonS3Client.java:4217)
	at com.ibm.cloud.objectstorage.services.s3.AmazonS3Client.getBucketAcl(AmazonS3Client.java:1249)
	at com.ibm.cloud.objectstorage.services.s3.AmazonS3Client.getBucketAcl(AmazonS3Client.java:1239)
	at com.ibm.cloud.objectstorage.services.s3.AmazonS3Client.doesBucketExistV2(AmazonS3Client.java:1380)
	at com.example.ibmcos.service.CosService.bucketExists(CosService.java:90)
	at com.example.ibmcos.CosIfNoneMatchTest.setUp(CosIfNoneMatchTest.java:39)
	at java.base/java.lang.reflect.Method.invoke(Method.java:565)
	at java.base/java.util.ArrayList.forEach(ArrayList.java:1604)
	at java.base/java.util.ArrayList.forEach(ArrayList.java:1604)
	at java.base/java.util.ArrayList.forEach(ArrayList.java:1604)
]]></error>
    <system-out><![CDATA[2026-05-21T19:40:48.105+09:00  INFO 18702 --- [           main] t.c.s.AnnotationConfigContextLoaderUtils : Could not detect default configuration classes for test class [com.example.ibmcos.CosIfNoneMatchTest$AppendEnbangoTests]: AppendEnbangoTests does not declare any static, non-private, non-final, nested classes annotated with @Configuration.
2026-05-21T19:40:48.106+09:00  INFO 18702 --- [           main] .b.t.c.SpringBootTestContextBootstrapper : Found @SpringBootConfiguration com.example.ibmcos.IbmCosApplication for test class com.example.ibmcos.CosIfNoneMatchTest$AppendEnbangoTests
]]></system-out>
  </testcase>
  <testcase name="withExtension" classname="com.example.ibmcos.CosIfNoneMatchTest$AppendEnbangoTests" time="1.029">
    <error message="The AWS Access Key ID you provided does not exist in our records. (Service: Amazon S3; Status Code: 403; Error Code: InvalidAccessKeyId; Request ID: e330670c-e791-46f1-a311-70922da3f644; S3 Extended Request ID: null; Proxy: null)" type="com.ibm.cloud.objectstorage.services.s3.model.AmazonS3Exception"><![CDATA[com.ibm.cloud.objectstorage.services.s3.model.AmazonS3Exception: The AWS Access Key ID you provided does not exist in our records. (Service: Amazon S3; Status Code: 403; Error Code: InvalidAccessKeyId; Request ID: e330670c-e791-46f1-a311-70922da3f644; S3 Extended Request ID: null; Proxy: null), S3 Extended Request ID: null
	at com.ibm.cloud.objectstorage.http.AmazonHttpClient$RequestExecutor.handleErrorResponse(AmazonHttpClient.java:1879)
	at com.ibm.cloud.objectstorage.http.AmazonHttpClient$RequestExecutor.handleServiceErrorResponse(AmazonHttpClient.java:1418)
	at com.ibm.cloud.objectstorage.http.AmazonHttpClient$RequestExecutor.executeOneRequest(AmazonHttpClient.java:1387)
	at com.ibm.cloud.objectstorage.http.AmazonHttpClient$RequestExecutor.executeHelper(AmazonHttpClient.java:1157)
	at com.ibm.cloud.objectstorage.http.AmazonHttpClient$RequestExecutor.doExecute(AmazonHttpClient.java:814)
	at com.ibm.cloud.objectstorage.http.AmazonHttpClient$RequestExecutor.executeWithTimer(AmazonHttpClient.java:781)
	at com.ibm.cloud.objectstorage.http.AmazonHttpClient$RequestExecutor.execute(AmazonHttpClient.java:755)
	at com.ibm.cloud.objectstorage.http.AmazonHttpClient$RequestExecutor.access$500(AmazonHttpClient.java:715)
	at com.ibm.cloud.objectstorage.http.AmazonHttpClient$RequestExecutionBuilderImpl.execute(AmazonHttpClient.java:697)
	at com.ibm.cloud.objectstorage.http.AmazonHttpClient.execute(AmazonHttpClient.java:561)
	at com.ibm.cloud.objectstorage.http.AmazonHttpClient.execute(AmazonHttpClient.java:541)
	at com.ibm.cloud.objectstorage.services.s3.AmazonS3Client.invoke(AmazonS3Client.java:5697)
	at com.ibm.cloud.objectstorage.services.s3.AmazonS3Client.invoke(AmazonS3Client.java:5644)
	at com.ibm.cloud.objectstorage.services.s3.AmazonS3Client.getAcl(AmazonS3Client.java:4217)
	at com.ibm.cloud.objectstorage.services.s3.AmazonS3Client.getBucketAcl(AmazonS3Client.java:1249)
	at com.ibm.cloud.objectstorage.services.s3.AmazonS3Client.getBucketAcl(AmazonS3Client.java:1239)
	at com.ibm.cloud.objectstorage.services.s3.AmazonS3Client.doesBucketExistV2(AmazonS3Client.java:1380)
	at com.example.ibmcos.service.CosService.bucketExists(CosService.java:90)
	at com.example.ibmcos.CosIfNoneMatchTest.setUp(CosIfNoneMatchTest.java:39)
	at java.base/java.lang.reflect.Method.invoke(Method.java:565)
	at java.base/java.util.ArrayList.forEach(ArrayList.java:1604)
	at java.base/java.util.ArrayList.forEach(ArrayList.java:1604)
	at java.base/java.util.ArrayList.forEach(ArrayList.java:1604)
]]></error>
  </testcase>
  <testcase name="multiDot" classname="com.example.ibmcos.CosIfNoneMatchTest$AppendEnbangoTests" time="1.026">
    <error message="The AWS Access Key ID you provided does not exist in our records. (Service: Amazon S3; Status Code: 403; Error Code: InvalidAccessKeyId; Request ID: 0eb74632-1d62-471c-b5ab-ca97ec10713c; S3 Extended Request ID: null; Proxy: null)" type="com.ibm.cloud.objectstorage.services.s3.model.AmazonS3Exception"><![CDATA[com.ibm.cloud.objectstorage.services.s3.model.AmazonS3Exception: The AWS Access Key ID you provided does not exist in our records. (Service: Amazon S3; Status Code: 403; Error Code: InvalidAccessKeyId; Request ID: 0eb74632-1d62-471c-b5ab-ca97ec10713c; S3 Extended Request ID: null; Proxy: null), S3 Extended Request ID: null
	at com.ibm.cloud.objectstorage.http.AmazonHttpClient$RequestExecutor.handleErrorResponse(AmazonHttpClient.java:1879)
	at com.ibm.cloud.objectstorage.http.AmazonHttpClient$RequestExecutor.handleServiceErrorResponse(AmazonHttpClient.java:1418)
	at com.ibm.cloud.objectstorage.http.AmazonHttpClient$RequestExecutor.executeOneRequest(AmazonHttpClient.java:1387)
	at com.ibm.cloud.objectstorage.http.AmazonHttpClient$RequestExecutor.executeHelper(AmazonHttpClient.java:1157)
	at com.ibm.cloud.objectstorage.http.AmazonHttpClient$RequestExecutor.doExecute(AmazonHttpClient.java:814)
	at com.ibm.cloud.objectstorage.http.AmazonHttpClient$RequestExecutor.executeWithTimer(AmazonHttpClient.java:781)
	at com.ibm.cloud.objectstorage.http.AmazonHttpClient$RequestExecutor.execute(AmazonHttpClient.java:755)
	at com.ibm.cloud.objectstorage.http.AmazonHttpClient$RequestExecutor.access$500(AmazonHttpClient.java:715)
	at com.ibm.cloud.objectstorage.http.AmazonHttpClient$RequestExecutionBuilderImpl.execute(AmazonHttpClient.java:697)
	at com.ibm.cloud.objectstorage.http.AmazonHttpClient.execute(AmazonHttpClient.java:561)
	at com.ibm.cloud.objectstorage.http.AmazonHttpClient.execute(AmazonHttpClient.java:541)
	at com.ibm.cloud.objectstorage.services.s3.AmazonS3Client.invoke(AmazonS3Client.java:5697)
	at com.ibm.cloud.objectstorage.services.s3.AmazonS3Client.invoke(AmazonS3Client.java:5644)
	at com.ibm.cloud.objectstorage.services.s3.AmazonS3Client.getAcl(AmazonS3Client.java:4217)
	at com.ibm.cloud.objectstorage.services.s3.AmazonS3Client.getBucketAcl(AmazonS3Client.java:1249)
	at com.ibm.cloud.objectstorage.services.s3.AmazonS3Client.getBucketAcl(AmazonS3Client.java:1239)
	at com.ibm.cloud.objectstorage.services.s3.AmazonS3Client.doesBucketExistV2(AmazonS3Client.java:1380)
	at com.example.ibmcos.service.CosService.bucketExists(CosService.java:90)
	at com.example.ibmcos.CosIfNoneMatchTest.setUp(CosIfNoneMatchTest.java:39)
	at java.base/java.lang.reflect.Method.invoke(Method.java:565)
	at java.base/java.util.ArrayList.forEach(ArrayList.java:1604)
	at java.base/java.util.ArrayList.forEach(ArrayList.java:1604)
	at java.base/java.util.ArrayList.forEach(ArrayList.java:1604)
]]></error>
  </testcase>
  <testcase name="noExtension" classname="com.example.ibmcos.CosIfNoneMatchTest$AppendEnbangoTests" time="1.031">
    <error message="The AWS Access Key ID you provided does not exist in our records. (Service: Amazon S3; Status Code: 403; Error Code: InvalidAccessKeyId; Request ID: e1524caf-d9bf-4451-9820-95bacf7c8978; S3 Extended Request ID: null; Proxy: null)" type="com.ibm.cloud.objectstorage.services.s3.model.AmazonS3Exception"><![CDATA[com.ibm.cloud.objectstorage.services.s3.model.AmazonS3Exception: The AWS Access Key ID you provided does not exist in our records. (Service: Amazon S3; Status Code: 403; Error Code: InvalidAccessKeyId; Request ID: e1524caf-d9bf-4451-9820-95bacf7c8978; S3 Extended Request ID: null; Proxy: null), S3 Extended Request ID: null
	at com.ibm.cloud.objectstorage.http.AmazonHttpClient$RequestExecutor.handleErrorResponse(AmazonHttpClient.java:1879)
	at com.ibm.cloud.objectstorage.http.AmazonHttpClient$RequestExecutor.handleServiceErrorResponse(AmazonHttpClient.java:1418)
	at com.ibm.cloud.objectstorage.http.AmazonHttpClient$RequestExecutor.executeOneRequest(AmazonHttpClient.java:1387)
	at com.ibm.cloud.objectstorage.http.AmazonHttpClient$RequestExecutor.executeHelper(AmazonHttpClient.java:1157)
	at com.ibm.cloud.objectstorage.http.AmazonHttpClient$RequestExecutor.doExecute(AmazonHttpClient.java:814)
	at com.ibm.cloud.objectstorage.http.AmazonHttpClient$RequestExecutor.executeWithTimer(AmazonHttpClient.java:781)
	at com.ibm.cloud.objectstorage.http.AmazonHttpClient$RequestExecutor.execute(AmazonHttpClient.java:755)
	at com.ibm.cloud.objectstorage.http.AmazonHttpClient$RequestExecutor.access$500(AmazonHttpClient.java:715)
	at com.ibm.cloud.objectstorage.http.AmazonHttpClient$RequestExecutionBuilderImpl.execute(AmazonHttpClient.java:697)
	at com.ibm.cloud.objectstorage.http.AmazonHttpClient.execute(AmazonHttpClient.java:561)
	at com.ibm.cloud.objectstorage.http.AmazonHttpClient.execute(AmazonHttpClient.java:541)
	at com.ibm.cloud.objectstorage.services.s3.AmazonS3Client.invoke(AmazonS3Client.java:5697)
	at com.ibm.cloud.objectstorage.services.s3.AmazonS3Client.invoke(AmazonS3Client.java:5644)
	at com.ibm.cloud.objectstorage.services.s3.AmazonS3Client.getAcl(AmazonS3Client.java:4217)
	at com.ibm.cloud.objectstorage.services.s3.AmazonS3Client.getBucketAcl(AmazonS3Client.java:1249)
	at com.ibm.cloud.objectstorage.services.s3.AmazonS3Client.getBucketAcl(AmazonS3Client.java:1239)
	at com.ibm.cloud.objectstorage.services.s3.AmazonS3Client.doesBucketExistV2(AmazonS3Client.java:1380)
	at com.example.ibmcos.service.CosService.bucketExists(CosService.java:90)
	at com.example.ibmcos.CosIfNoneMatchTest.setUp(CosIfNoneMatchTest.java:39)
	at java.base/java.lang.reflect.Method.invoke(Method.java:565)
	at java.base/java.util.ArrayList.forEach(ArrayList.java:1604)
	at java.base/java.util.ArrayList.forEach(ArrayList.java:1604)
	at java.base/java.util.ArrayList.forEach(ArrayList.java:1604)
]]></error>
  </testcase>
</testsuite>